may 09, 2024 3:20:31 P. M. co.edu.uniquindio.grafosFinal.modelo.GrafosFinal <init>
INFO: Se crea una nueva instancia de la aplicación
may 09, 2024 3:20:31 P. M. co.edu.uniquindio.grafosFinal.modelo.GrafosFinal leerUsuarios
SEVERE: src\main\resources\serializable\usuario.ser (El sistema no puede encontrar el archivo especificado)
may 09, 2024 3:29:29 P. M. co.edu.uniquindio.grafosFinal.modelo.GrafosFinal <init>
INFO: Se crea una nueva instancia de la aplicacion
may 09, 2024 3:29:29 P. M. co.edu.uniquindio.grafosFinal.modelo.GrafosFinal leerUsuarios
SEVERE: null
may 09, 2024 3:37:28 P. M. co.edu.uniquindio.grafosFinal.modelo.GrafosFinal <init>
INFO: Se crea una nueva instancia de la aplicacion
may 09, 2024 3:37:29 P. M. co.edu.uniquindio.grafosFinal.modelo.GrafosFinal leerUsuarios
SEVERE: null
may 09, 2024 3:39:09 P. M. co.edu.uniquindio.grafosFinal.modelo.GrafosFinal registrarUsuario
INFO: Se ha registrado un nuevo usuario con identificacion: 1104804234
may 09, 2024 3:42:05 P. M. co.edu.uniquindio.grafosFinal.modelo.GrafosFinal <init>
INFO: Se crea una nueva instancia de la aplicacion
may 09, 2024 3:46:05 P. M. co.edu.uniquindio.grafosFinal.modelo.GrafosFinal <init>
INFO: Se crea una nueva instancia de la aplicacion
may 09, 2024 3:46:05 P. M. co.edu.uniquindio.grafosFinal.modelo.GrafosFinal leerUsuarios
SEVERE: null
may 09, 2024 3:46:32 P. M. co.edu.uniquindio.grafosFinal.modelo.GrafosFinal registrarUsuario
INFO: Se ha registrado un nuevo usuario con identificacion: 1104804234
may 09, 2024 3:48:06 P. M. co.edu.uniquindio.grafosFinal.modelo.GrafosFinal <init>
INFO: Se crea una nueva instancia de la aplicacion
may 09, 2024 3:51:31 P. M. co.edu.uniquindio.grafosFinal.modelo.GrafosFinal <init>
INFO: Se crea una nueva instancia de la aplicacion
may 09, 2024 3:55:21 P. M. co.edu.uniquindio.grafosFinal.modelo.GrafosFinal <init>
INFO: Se crea una nueva instancia de la aplicacion
may 09, 2024 3:57:42 P. M. co.edu.uniquindio.grafosFinal.modelo.GrafosFinal <init>
INFO: Se crea una nueva instancia de la aplicacion
may 09, 2024 3:57:42 P. M. co.edu.uniquindio.grafosFinal.modelo.GrafosFinal leerUsuarios
SEVERE: null
may 09, 2024 3:58:41 P. M. co.edu.uniquindio.grafosFinal.modelo.GrafosFinal registrarUsuario
INFO: Se ha registrado un nuevo usuario con identificacion: 1104804234
may 09, 2024 3:59:51 P. M. co.edu.uniquindio.grafosFinal.modelo.GrafosFinal <init>
INFO: Se crea una nueva instancia de la aplicacion
may 09, 2024 4:00:40 P. M. co.edu.uniquindio.grafosFinal.modelo.GrafosFinal <init>
INFO: Se crea una nueva instancia de la aplicacion
may 09, 2024 4:09:16 P. M. co.edu.uniquindio.grafosFinal.modelo.GrafosFinal <init>
INFO: Se crea una nueva instancia de la aplicacion
may 09, 2024 4:09:16 P. M. co.edu.uniquindio.grafosFinal.modelo.GrafosFinal leerUsuarios
SEVERE: null
may 09, 2024 4:09:50 P. M. co.edu.uniquindio.grafosFinal.modelo.GrafosFinal registrarUsuario
INFO: Se ha registrado un nuevo usuario con identificacion: 1104804234
may 09, 2024 4:12:31 P. M. co.edu.uniquindio.grafosFinal.modelo.GrafosFinal <init>
INFO: Se crea una nueva instancia de la aplicacion
may 09, 2024 4:13:37 P. M. co.edu.uniquindio.grafosFinal.modelo.GrafosFinal <init>
INFO: Se crea una nueva instancia de la aplicacion
may 09, 2024 4:13:37 P. M. co.edu.uniquindio.grafosFinal.modelo.GrafosFinal leerUsuarios
SEVERE: null
may 09, 2024 4:14:13 P. M. co.edu.uniquindio.grafosFinal.modelo.GrafosFinal registrarUsuario
INFO: Se ha registrado un nuevo usuario con identificacion: 1104804234
may 09, 2024 4:14:58 P. M. co.edu.uniquindio.grafosFinal.modelo.GrafosFinal <init>
INFO: Se crea una nueva instancia de la aplicacion
may 09, 2024 4:18:44 P. M. co.edu.uniquindio.grafosFinal.modelo.GrafosFinal <init>
INFO: Se crea una nueva instancia de la aplicacion
may 09, 2024 4:18:44 P. M. co.edu.uniquindio.grafosFinal.modelo.GrafosFinal leerUsuarios
SEVERE: null
may 09, 2024 4:18:58 P. M. co.edu.uniquindio.grafosFinal.modelo.GrafosFinal registrarUsuario
INFO: Se ha registrado un nuevo usuario con identificacion: 123
may 09, 2024 4:19:34 P. M. co.edu.uniquindio.grafosFinal.modelo.GrafosFinal <init>
INFO: Se crea una nueva instancia de la aplicacion
may 09, 2024 4:22:12 P. M. co.edu.uniquindio.grafosFinal.modelo.GrafosFinal <init>
INFO: Se crea una nueva instancia de la aplicacion
may 09, 2024 8:56:50 P. M. co.edu.uniquindio.grafosFinal.modelo.GrafosFinal <init>
INFO: Se crea una nueva instancia de la aplicacion
may 09, 2024 8:56:50 P. M. co.edu.uniquindio.grafosFinal.modelo.GrafosFinal leerUsuarios
SEVERE: null
may 09, 2024 8:58:49 P. M. co.edu.uniquindio.grafosFinal.modelo.GrafosFinal registrarUsuario
INFO: Se ha registrado un nuevo usuario con identificacion: 1104804234
may 09, 2024 9:00:24 P. M. co.edu.uniquindio.grafosFinal.modelo.GrafosFinal <init>
INFO: Se crea una nueva instancia de la aplicacion
may 09, 2024 9:10:21 P. M. co.edu.uniquindio.grafosFinal.modelo.GrafosFinal <init>
INFO: Se crea una nueva instancia de la aplicacion
may 09, 2024 9:15:29 P. M. co.edu.uniquindio.grafosFinal.modelo.GrafosFinal <init>
INFO: Se crea una nueva instancia de la aplicacion
may 09, 2024 9:58:24 P. M. co.edu.uniquindio.grafosFinal.modelo.GrafosFinal <init>
INFO: Se crea una nueva instancia de la aplicacion
may 09, 2024 11:24:53 P. M. co.edu.uniquindio.grafosFinal.modelo.GrafosFinal <init>
INFO: Se crea una nueva instancia de la aplicacion
may 09, 2024 11:24:53 P. M. co.edu.uniquindio.grafosFinal.modelo.GrafosFinal leerUsuarios
SEVERE: invalid stream header: C2ACC3AD
may 09, 2024 11:26:07 P. M. co.edu.uniquindio.grafosFinal.modelo.GrafosFinal <init>
INFO: Se crea una nueva instancia de la aplicacion
may 09, 2024 11:26:07 P. M. co.edu.uniquindio.grafosFinal.modelo.GrafosFinal leerUsuarios
SEVERE: null
may 09, 2024 11:26:40 P. M. co.edu.uniquindio.grafosFinal.modelo.GrafosFinal registrarUsuario
INFO: Se ha registrado un nuevo usuario con identificacion: 1104804234
may 09, 2024 11:27:53 P. M. co.edu.uniquindio.grafosFinal.modelo.GrafosFinal <init>
INFO: Se crea una nueva instancia de la aplicacion
may 18, 2024 3:12:32 P. M. co.edu.uniquindio.grafosFinal.modelo.GrafosFinal <init>
INFO: Se crea una nueva instancia de la aplicacion
may 18, 2024 3:21:50 P. M. co.edu.uniquindio.grafosFinal.modelo.GrafosFinal <init>
INFO: Se crea una nueva instancia de la aplicacion
may 18, 2024 3:33:27 P. M. co.edu.uniquindio.grafosFinal.modelo.GrafosFinal <init>
INFO: Se crea una nueva instancia de la aplicacion
may 18, 2024 3:40:18 P. M. co.edu.uniquindio.grafosFinal.modelo.GrafosFinal <init>
INFO: Se crea una nueva instancia de la aplicacion
may 18, 2024 3:43:45 P. M. co.edu.uniquindio.grafosFinal.modelo.GrafosFinal <init>
INFO: Se crea una nueva instancia de la aplicacion
may 18, 2024 3:50:57 P. M. co.edu.uniquindio.grafosFinal.modelo.GrafosFinal <init>
INFO: Se crea una nueva instancia de la aplicacion
may 18, 2024 4:35:06 P. M. co.edu.uniquindio.grafosFinal.modelo.GrafosFinal <init>
INFO: Se crea una nueva instancia de la aplicacion
may 18, 2024 6:59:19 P.Â M. co.edu.uniquindio.grafosFinal.modelo.GrafosFinal <init>
INFORMACIÃ“N: Se crea una nueva instancia de la aplicacion
may 18, 2024 7:07:51 P.Â M. co.edu.uniquindio.grafosFinal.modelo.GrafosFinal <init>
INFORMACIÃ“N: Se crea una nueva instancia de la aplicacion
may 18, 2024 7:10:30 P.Â M. co.edu.uniquindio.grafosFinal.modelo.GrafosFinal <init>
INFORMACIÃ“N: Se crea una nueva instancia de la aplicacion
may 18, 2024 7:12:59 P.Â M. co.edu.uniquindio.grafosFinal.modelo.GrafosFinal <init>
INFORMACIÃ“N: Se crea una nueva instancia de la aplicacion
may 18, 2024 7:29:38 P.Â M. co.edu.uniquindio.grafosFinal.modelo.GrafosFinal <init>
INFORMACIÃ“N: Se crea una nueva instancia de la aplicacion
may 18, 2024 7:33:50 P.Â M. co.edu.uniquindio.grafosFinal.modelo.GrafosFinal <init>
INFORMACIÃ“N: Se crea una nueva instancia de la aplicacion
may 18, 2024 7:38:26 P.Â M. co.edu.uniquindio.grafosFinal.modelo.GrafosFinal <init>
INFORMACIÃ“N: Se crea una nueva instancia de la aplicacion
may 18, 2024 7:41:19 P.Â M. co.edu.uniquindio.grafosFinal.modelo.GrafosFinal <init>
INFORMACIÃ“N: Se crea una nueva instancia de la aplicacion
may 18, 2024 7:43:53 P.Â M. co.edu.uniquindio.grafosFinal.modelo.GrafosFinal <init>
INFORMACIÃ“N: Se crea una nueva instancia de la aplicacion
